<?xml version="1.0" encoding="UTF-8"?>
<!-- Generated by org.testng.reporters.JUnitReportReporter -->
<testsuite hostname="LAPTOP-H80V36UT" failures="0" tests="6" name="TestNGPackege2.AddtoCartOnFilpkart" time="62.278" errors="0" timestamp="2023-02-21T08:10:20 IST" skipped="3">
  <testcase classname="TestNGPackege2.AddtoCartOnFilpkart" name="clickOnElectronicsButto" time="18.670"/>
  <system-out/>
  <testcase classname="TestNGPackege2.AddtoCartOnFilpkart" name="clickOnElectronicsButto" time="22.293"/>
  <system-out/>
  <testcase classname="TestNGPackege2.AddtoCartOnFilpkart" name="clickOnElectronicsButto" time="21.315"/>
  <system-out/>
  <testcase classname="TestNGPackege2.AddtoCartOnFilpkart" name="toVerifyFilterOnHp">
    <skipped/>
  </testcase> <!-- toVerifyFilterOnHp -->
  <system-out/>
  <testcase classname="TestNGPackege2.AddtoCartOnFilpkart" name="toVerifyFilterOnHp">
    <skipped/>
  </testcase> <!-- toVerifyFilterOnHp -->
  <system-out/>
  <testcase classname="TestNGPackege2.AddtoCartOnFilpkart" name="toVerifyFilterOnHp">
    <skipped/>
  </testcase> <!-- toVerifyFilterOnHp -->
  <system-out/>
</testsuite> <!-- TestNGPackege2.AddtoCartOnFilpkart -->
