<?xml version="1.0" encoding="UTF-8"?>
<!-- Generated by org.testng.reporters.JUnitReportReporter -->
<testsuite hostname="LAPTOP-H80V36UT" failures="0" tests="1" name="TestNGClass.TestNGFB" time="0.011" errors="0" timestamp="2023-02-03T11:41:27 IST" skipped="0">
  <testcase classname="TestNGClass.TestNGFB" name="toFindMobie" time="0.011"/>
  <system-out/>
</testsuite> <!-- TestNGClass.TestNGFB -->
